# JRE version: Java(TM) SE Runtime Environment (8.0_171-b11) (build 1.8.0_171-b11)
# Java VM: Java HotSpot(TM) 64-Bit Server VM (25.171-b11 mixed mode windows-amd64 compressed oops)
Heap:
 PSYoungGen      total 774656K, used 240052K [0x000000076b400000, 0x00000007a3b00000, 0x00000007c0000000)
  eden space 668672K, 28% used [0x000000076b400000,0x0000000776aed2d0,0x0000000794100000)
  from space 105984K, 49% used [0x000000079d380000,0x00000007a0700020,0x00000007a3b00000)
  to   space 128000K, 0% used [0x0000000794100000,0x0000000794100000,0x000000079be00000)
 ParOldGen       total 268800K, used 204266K [0x00000006c1c00000, 0x00000006d2280000, 0x000000076b400000)
  object space 268800K, 75% used [0x00000006c1c00000,0x00000006ce37aa90,0x00000006d2280000)
 Metaspace       used 19021K, capacity 20124K, committed 20352K, reserved 1067008K
  class space    used 2621K, capacity 2863K, committed 2944K, reserved 1048576K
GC Heap History (10 events):
Event: 24.767 GC heap before
{Heap before GC invocations=9 (full 1):
 PSYoungGen      total 304128K, used 298240K [0x000000076b400000, 0x000000078f480000, 0x00000007c0000000)
  eden space 210432K, 100% used [0x000000076b400000,0x0000000778180000,0x0000000778180000)
  from space 93696K, 93% used [0x0000000778180000,0x000000077d740020,0x000000077dd00000)
  to   space 107008K, 0% used [0x0000000788c00000,0x0000000788c00000,0x000000078f480000)
 ParOldGen       total 268800K, used 184418K [0x00000006c1c00000, 0x00000006d2280000, 0x000000076b400000)
  object space 268800K, 68% used [0x00000006c1c00000,0x00000006cd018a70,0x00000006d2280000)
 Metaspace       used 18746K, capacity 19864K, committed 20096K, reserved 1067008K
  class space    used 2616K, capacity 2863K, committed 2944K, reserved 1048576K
Event: 24.787 GC heap after
Heap after GC invocations=9 (full 1):
 PSYoungGen      total 456704K, used 40528K [0x000000076b400000, 0x000000078e400000, 0x00000007c0000000)
  eden space 366592K, 0% used [0x000000076b400000,0x000000076b400000,0x0000000781a00000)
  from space 90112K, 44% used [0x0000000788c00000,0x000000078b394020,0x000000078e400000)
  to   space 103424K, 0% used [0x0000000781a00000,0x0000000781a00000,0x0000000787f00000)
 ParOldGen       total 268800K, used 184426K [0x00000006c1c00000, 0x00000006d2280000, 0x000000076b400000)
  object space 268800K, 68% used [0x00000006c1c00000,0x00000006cd01aa70,0x00000006d2280000)
 Metaspace       used 18746K, capacity 19864K, committed 20096K, reserved 1067008K
  class space    used 2616K, capacity 2863K, committed 2944K, reserved 1048576K
}
Event: 25.633 GC heap before
{Heap before GC invocations=10 (full 1):
 PSYoungGen      total 456704K, used 407120K [0x000000076b400000, 0x000000078e400000, 0x00000007c0000000)
  eden space 366592K, 100% used [0x000000076b400000,0x0000000781a00000,0x0000000781a00000)
  from space 90112K, 44% used [0x0000000788c00000,0x000000078b394020,0x000000078e400000)
  to   space 103424K, 0% used [0x0000000781a00000,0x0000000781a00000,0x0000000787f00000)
 ParOldGen       total 268800K, used 184426K [0x00000006c1c00000, 0x00000006d2280000, 0x000000076b400000)
  object space 268800K, 68% used [0x00000006c1c00000,0x00000006cd01aa70,0x00000006d2280000)
 Metaspace       used 18762K, capacity 19864K, committed 20096K, reserved 1067008K
  class space    used 2616K, capacity 2863K, committed 2944K, reserved 1048576K
Event: 25.670 GC heap after
Heap after GC invocations=10 (full 1):
 PSYoungGen      total 470016K, used 72832K [0x000000076b400000, 0x0000000797f80000, 0x00000007c0000000)
  eden space 366592K, 0% used [0x000000076b400000,0x000000076b400000,0x0000000781a00000)
  from space 103424K, 70% used [0x0000000781a00000,0x0000000786120020,0x0000000787f00000)
  to   space 105984K, 0% used [0x0000000791800000,0x0000000791800000,0x0000000797f80000)
 ParOldGen       total 268800K, used 191258K [0x00000006c1c00000, 0x00000006d2280000, 0x000000076b400000)
  object space 268800K, 71% used [0x00000006c1c00000,0x00000006cd6c6a70,0x00000006d2280000)
 Metaspace       used 18762K, capacity 19864K, committed 20096K, reserved 1067008K
  class space    used 2616K, capacity 2863K, committed 2944K, reserved 1048576K
}
Event: 26.737 GC heap before
{Heap before GC invocations=11 (full 1):
 PSYoungGen      total 470016K, used 439424K [0x000000076b400000, 0x0000000797f80000, 0x00000007c0000000)
  eden space 366592K, 100% used [0x000000076b400000,0x0000000781a00000,0x0000000781a00000)
  from space 103424K, 70% used [0x0000000781a00000,0x0000000786120020,0x0000000787f00000)
  to   space 105984K, 0% used [0x0000000791800000,0x0000000791800000,0x0000000797f80000)
 ParOldGen       total 268800K, used 191258K [0x00000006c1c00000, 0x00000006d2280000, 0x000000076b400000)
  object space 268800K, 71% used [0x00000006c1c00000,0x00000006cd6c6a70,0x00000006d2280000)
 Metaspace       used 18783K, capacity 19932K, committed 20096K, reserved 1067008K
  class space    used 2616K, capacity 2863K, committed 2944K, reserved 1048576K
Event: 26.793 GC heap after
Heap after GC invocations=11 (full 1):
 PSYoungGen      total 608256K, used 105952K [0x000000076b400000, 0x0000000799b80000, 0x00000007c0000000)
  eden space 502272K, 0% used [0x000000076b400000,0x000000076b400000,0x0000000789e80000)
  from space 105984K, 99% used [0x0000000791800000,0x0000000797f78020,0x0000000797f80000)
  to   space 124416K, 0% used [0x0000000789e80000,0x0000000789e80000,0x0000000791800000)
 ParOldGen       total 268800K, used 203522K [0x00000006c1c00000, 0x00000006d2280000, 0x000000076b400000)
  object space 268800K, 75% used [0x00000006c1c00000,0x00000006ce2c0a70,0x00000006d2280000)
 Metaspace       used 18783K, capacity 19932K, committed 20096K, reserved 1067008K
  class space    used 2616K, capacity 2863K, committed 2944K, reserved 1048576K
}
Event: 29.019 GC heap before
{Heap before GC invocations=12 (full 1):
 PSYoungGen      total 608256K, used 608224K [0x000000076b400000, 0x0000000799b80000, 0x00000007c0000000)
  eden space 502272K, 100% used [0x000000076b400000,0x0000000789e80000,0x0000000789e80000)
  from space 105984K, 99% used [0x0000000791800000,0x0000000797f78020,0x0000000797f80000)
  to   space 124416K, 0% used [0x0000000789e80000,0x0000000789e80000,0x0000000791800000)
 ParOldGen       total 268800K, used 203522K [0x00000006c1c00000, 0x00000006d2280000, 0x000000076b400000)
  object space 268800K, 75% used [0x00000006c1c00000,0x00000006ce2c0a70,0x00000006d2280000)
 Metaspace       used 18811K, capacity 19932K, committed 20096K, reserved 1067008K
  class space    used 2616K, capacity 2863K, committed 2944K, reserved 1048576K
Event: 29.064 GC heap after
Heap after GC invocations=12 (full 1):
 PSYoungGen      total 626688K, used 100912K [0x000000076b400000, 0x00000007a5500000, 0x00000007c0000000)
  eden space 502272K, 0% used [0x000000076b400000,0x000000076b400000,0x0000000789e80000)
  from space 124416K, 81% used [0x0000000789e80000,0x000000079010c030,0x0000000791800000)
  to   space 132608K, 0% used [0x000000079d380000,0x000000079d380000,0x00000007a5500000)
 ParOldGen       total 268800K, used 203570K [0x00000006c1c00000, 0x00000006d2280000, 0x000000076b400000)
  object space 268800K, 75% used [0x00000006c1c00000,0x00000006ce2cca80,0x00000006d2280000)
 Metaspace       used 18811K, capacity 19932K, committed 20096K, reserved 1067008K
  class space    used 2616K, capacity 2863K, committed 2944K, reserved 1048576K
}
Event: 30.765 GC heap before
{Heap before GC invocations=13 (full 1):
 PSYoungGen      total 626688K, used 603184K [0x000000076b400000, 0x00000007a5500000, 0x00000007c0000000)
  eden space 502272K, 100% used [0x000000076b400000,0x0000000789e80000,0x0000000789e80000)
  from space 124416K, 81% used [0x0000000789e80000,0x000000079010c030,0x0000000791800000)
  to   space 132608K, 0% used [0x000000079d380000,0x000000079d380000,0x00000007a5500000)
 ParOldGen       total 268800K, used 203570K [0x00000006c1c00000, 0x00000006d2280000, 0x000000076b400000)
  object space 268800K, 75% used [0x00000006c1c00000,0x00000006ce2cca80,0x00000006d2280000)
 Metaspace       used 18826K, capacity 19996K, committed 20096K, reserved 1067008K
  class space    used 2616K, capacity 2863K, committed 2944K, reserved 1048576K
Event: 30.790 GC heap after
Heap after GC invocations=13 (full 1):
 PSYoungGen      total 774656K, used 52736K [0x000000076b400000, 0x00000007a3b00000, 0x00000007c0000000)
  eden space 668672K, 0% used [0x000000076b400000,0x000000076b400000,0x0000000794100000)
  from space 105984K, 49% used [0x000000079d380000,0x00000007a0700020,0x00000007a3b00000)
  to   space 128000K, 0% used [0x0000000794100000,0x0000000794100000,0x000000079be00000)
 ParOldGen       total 268800K, used 204266K [0x00000006c1c00000, 0x00000006d2280000, 0x000000076b400000)
  object space 268800K, 75% used [0x00000006c1c00000,0x00000006ce37aa90,0x00000006d2280000)
 Metaspace       used 18826K, capacity 19996K, committed 20096K, reserved 1067008K
  class space    used 2616K, capacity 2863K, committed 2944K, reserved 1048576K
}

